<?xml version="1.0" encoding="UTF-8"?>
<!-- Generated by org.testng.reporters.JUnitReportReporter -->
<testsuite hostname="MacBook-Pro-van-Gunpreet.local" failures="0" tests="2" name="com.qa.testcases.ListingUpload.AddListingUpload" time="30.650" errors="0" timestamp="2025-04-14T17:23:08 IST" skipped="0">
  <testcase classname="com.qa.testcases.ListingUpload.AddListingUpload" name="display" time="6.650"/>
  <testcase classname="com.qa.testcases.ListingUpload.AddListingUpload" name="listingUpload" time="24.000"/>
</testsuite> <!-- com.qa.testcases.ListingUpload.AddListingUpload -->
